<?xml version="1.0" encoding="UTF-8"?>
<!-- Generated by org.testng.reporters.JUnitXMLReporter -->
<testsuite ignored="0" hostname="MOMDAD" failures="0" tests="4" name="Default test" time="69.833" errors="0" timestamp="2023-06-06T19:04:25 IST">
  <testcase classname="org.POM_Test_Cases.StatisticsPageDeatilsTC" name="verifyThatStatisticsPageIsDisplay" time="0.096"/>
  <testcase classname="org.POM_Test_Cases.StatisticsPageDeatilsTC" name="verifyThatSearchFunctionalityOfStatsPage" time="0.414"/>
  <testcase classname="org.POM_Test_Cases.StatisticsPageDeatilsTC" name="verifyThatShubhmanGillsDetailsOnStatsPage" time="0.115"/>
  <testcase classname="org.POM_Test_Cases.StatisticsPageDeatilsTC" name="verifyThatShubhmanGillsStatisticsDetailsOnStatsPage" time="0.371"/>
</testsuite> <!-- Default test -->
